# JRE version: Java(TM) SE Runtime Environment (7.0_79-b15) (build 1.7.0_79-b15)
# Java VM: Java HotSpot(TM) 64-Bit Server VM (24.79-b02 mixed mode windows-amd64 compressed oops)
Heap
 PSYoungGen      total 322048K, used 175732K [0x00000000eaa80000, 0x0000000100000000, 0x0000000100000000)
  eden space 299008K, 55% used [0x00000000eaa80000,0x00000000f4c29450,0x00000000fce80000)
  from space 23040K, 44% used [0x00000000fe380000,0x00000000fed73e18,0x00000000ffa00000)
  to   space 21504K, 0% used [0x00000000fce80000,0x00000000fce80000,0x00000000fe380000)
 ParOldGen       total 72704K, used 45385K [0x00000000c0000000, 0x00000000c4700000, 0x00000000eaa80000)
  object space 72704K, 62% used [0x00000000c0000000,0x00000000c2c52668,0x00000000c4700000)
 PSPermGen       total 71680K, used 54091K [0x00000000b0000000, 0x00000000b4600000, 0x00000000c0000000)
  object space 71680K, 75% used [0x00000000b0000000,0x00000000b34d2c20,0x00000000b4600000)
GC Heap History (10 events):
Event: 15862.792 GC heap before
{Heap before GC invocations=42 (full 11):
 PSYoungGen      total 323072K, used 11344K [0x00000000eaa80000, 0x0000000100000000, 0x0000000100000000)
  eden space 296448K, 0% used [0x00000000eaa80000,0x00000000eaa80000,0x00000000fcc00000)
  from space 26624K, 42% used [0x00000000fcc00000,0x00000000fd714010,0x00000000fe600000)
  to   space 25600K, 0% used [0x00000000fe700000,0x00000000fe700000,0x0000000100000000)
 ParOldGen       total 72704K, used 26707K [0x00000000c0000000, 0x00000000c4700000, 0x00000000eaa80000)
  object space 72704K, 36% used [0x00000000c0000000,0x00000000c1a14e78,0x00000000c4700000)
 PSPermGen       total 75776K, used 52462K [0x00000000b0000000, 0x00000000b4a00000, 0x00000000c0000000)
  object space 75776K, 69% used [0x00000000b0000000,0x00000000b333b858,0x00000000b4a00000)
Event: 15863.893 GC heap after
Heap after GC invocations=42 (full 11):
 PSYoungGen      total 323072K, used 0K [0x00000000eaa80000, 0x0000000100000000, 0x0000000100000000)
  eden space 296448K, 0% used [0x00000000eaa80000,0x00000000eaa80000,0x00000000fcc00000)
  from space 26624K, 0% used [0x00000000fcc00000,0x00000000fcc00000,0x00000000fe600000)
  to   space 25600K, 0% used [0x00000000fe700000,0x00000000fe700000,0x0000000100000000)
 ParOldGen       total 72704K, used 36752K [0x00000000c0000000, 0x00000000c4700000, 0x00000000eaa80000)
  object space 72704K, 50% used [0x00000000c0000000,0x00000000c23e4380,0x00000000c4700000)
 PSPermGen       total 73216K, used 52442K [0x00000000b0000000, 0x00000000b4780000, 0x00000000c0000000)
  object space 73216K, 71% used [0x00000000b0000000,0x00000000b33368c8,0x00000000b4780000)
}
Event: 16221.065 GC heap before
{Heap before GC invocations=43 (full 11):
 PSYoungGen      total 323072K, used 296448K [0x00000000eaa80000, 0x0000000100000000, 0x0000000100000000)
  eden space 296448K, 100% used [0x00000000eaa80000,0x00000000fcc00000,0x00000000fcc00000)
  from space 26624K, 0% used [0x00000000fcc00000,0x00000000fcc00000,0x00000000fe600000)
  to   space 25600K, 0% used [0x00000000fe700000,0x00000000fe700000,0x0000000100000000)
 ParOldGen       total 72704K, used 36752K [0x00000000c0000000, 0x00000000c4700000, 0x00000000eaa80000)
  object space 72704K, 50% used [0x00000000c0000000,0x00000000c23e4380,0x00000000c4700000)
 PSPermGen       total 73216K, used 53436K [0x00000000b0000000, 0x00000000b4780000, 0x00000000c0000000)
  object space 73216K, 72% used [0x00000000b0000000,0x00000000b342f0f0,0x00000000b4780000)
Event: 16221.448 GC heap after
Heap after GC invocations=43 (full 11):
 PSYoungGen      total 318976K, used 10255K [0x00000000eaa80000, 0x00000000ffc00000, 0x0000000100000000)
  eden space 297472K, 0% used [0x00000000eaa80000,0x00000000eaa80000,0x00000000fcd00000)
  from space 21504K, 47% used [0x00000000fe700000,0x00000000ff103f58,0x00000000ffc00000)
  to   space 24064K, 0% used [0x00000000fcd00000,0x00000000fcd00000,0x00000000fe480000)
 ParOldGen       total 72704K, used 36752K [0x00000000c0000000, 0x00000000c4700000, 0x00000000eaa80000)
  object space 72704K, 50% used [0x00000000c0000000,0x00000000c23e4380,0x00000000c4700000)
 PSPermGen       total 73216K, used 53436K [0x00000000b0000000, 0x00000000b4780000, 0x00000000c0000000)
  object space 73216K, 72% used [0x00000000b0000000,0x00000000b342f0f0,0x00000000b4780000)
}
Event: 16222.153 GC heap before
{Heap before GC invocations=44 (full 11):
 PSYoungGen      total 318976K, used 24050K [0x00000000eaa80000, 0x00000000ffc00000, 0x0000000100000000)
  eden space 297472K, 4% used [0x00000000eaa80000,0x00000000eb7f8b30,0x00000000fcd00000)
  from space 21504K, 47% used [0x00000000fe700000,0x00000000ff103f58,0x00000000ffc00000)
  to   space 24064K, 0% used [0x00000000fcd00000,0x00000000fcd00000,0x00000000fe480000)
 ParOldGen       total 72704K, used 36752K [0x00000000c0000000, 0x00000000c4700000, 0x00000000eaa80000)
  object space 72704K, 50% used [0x00000000c0000000,0x00000000c23e4380,0x00000000c4700000)
 PSPermGen       total 73216K, used 53775K [0x00000000b0000000, 0x00000000b4780000, 0x00000000c0000000)
  object space 73216K, 73% used [0x00000000b0000000,0x00000000b3483d08,0x00000000b4780000)
Event: 16222.461 GC heap after
Heap after GC invocations=44 (full 11):
 PSYoungGen      total 307200K, used 9397K [0x00000000eaa80000, 0x00000000ffa00000, 0x0000000100000000)
  eden space 297472K, 0% used [0x00000000eaa80000,0x00000000eaa80000,0x00000000fcd00000)
  from space 9728K, 96% used [0x00000000fcd00000,0x00000000fd62d4b0,0x00000000fd680000)
  to   space 23040K, 0% used [0x00000000fe380000,0x00000000fe380000,0x00000000ffa00000)
 ParOldGen       total 72704K, used 36752K [0x00000000c0000000, 0x00000000c4700000, 0x00000000eaa80000)
  object space 72704K, 50% used [0x00000000c0000000,0x00000000c23e4380,0x00000000c4700000)
 PSPermGen       total 73216K, used 53775K [0x00000000b0000000, 0x00000000b4780000, 0x00000000c0000000)
  object space 73216K, 73% used [0x00000000b0000000,0x00000000b3483d08,0x00000000b4780000)
}
Event: 16222.461 GC heap before
{Heap before GC invocations=45 (full 12):
 PSYoungGen      total 307200K, used 9397K [0x00000000eaa80000, 0x00000000ffa00000, 0x0000000100000000)
  eden space 297472K, 0% used [0x00000000eaa80000,0x00000000eaa80000,0x00000000fcd00000)
  from space 9728K, 96% used [0x00000000fcd00000,0x00000000fd62d4b0,0x00000000fd680000)
  to   space 23040K, 0% used [0x00000000fe380000,0x00000000fe380000,0x00000000ffa00000)
 ParOldGen       total 72704K, used 36752K [0x00000000c0000000, 0x00000000c4700000, 0x00000000eaa80000)
  object space 72704K, 50% used [0x00000000c0000000,0x00000000c23e4380,0x00000000c4700000)
 PSPermGen       total 73216K, used 53775K [0x00000000b0000000, 0x00000000b4780000, 0x00000000c0000000)
  object space 73216K, 73% used [0x00000000b0000000,0x00000000b3483d08,0x00000000b4780000)
Event: 16223.652 GC heap after
Heap after GC invocations=45 (full 12):
 PSYoungGen      total 307200K, used 0K [0x00000000eaa80000, 0x00000000ffa00000, 0x0000000100000000)
  eden space 297472K, 0% used [0x00000000eaa80000,0x00000000eaa80000,0x00000000fcd00000)
  from space 9728K, 0% used [0x00000000fcd00000,0x00000000fcd00000,0x00000000fd680000)
  to   space 23040K, 0% used [0x00000000fe380000,0x00000000fe380000,0x00000000ffa00000)
 ParOldGen       total 72704K, used 45385K [0x00000000c0000000, 0x00000000c4700000, 0x00000000eaa80000)
  object space 72704K, 62% used [0x00000000c0000000,0x00000000c2c52668,0x00000000c4700000)
 PSPermGen       total 71680K, used 53676K [0x00000000b0000000, 0x00000000b4600000, 0x00000000c0000000)
  object space 71680K, 74% used [0x00000000b0000000,0x00000000b346b090,0x00000000b4600000)
}
Event: 16248.172 GC heap before
{Heap before GC invocations=46 (full 12):
 PSYoungGen      total 307200K, used 297472K [0x00000000eaa80000, 0x00000000ffa00000, 0x0000000100000000)
  eden space 297472K, 100% used [0x00000000eaa80000,0x00000000fcd00000,0x00000000fcd00000)
  from space 9728K, 0% used [0x00000000fcd00000,0x00000000fcd00000,0x00000000fd680000)
  to   space 23040K, 0% used [0x00000000fe380000,0x00000000fe380000,0x00000000ffa00000)
 ParOldGen       total 72704K, used 45385K [0x00000000c0000000, 0x00000000c4700000, 0x00000000eaa80000)
  object space 72704K, 62% used [0x00000000c0000000,0x00000000c2c52668,0x00000000c4700000)
 PSPermGen       total 71680K, used 53853K [0x00000000b0000000, 0x00000000b4600000, 0x00000000c0000000)
  object space 71680K, 75% used [0x00000000b0000000,0x00000000b3497518,0x00000000b4600000)
Event: 16249.904 GC heap after
Heap after GC invocations=46 (full 12):
 PSYoungGen      total 322048K, used 10191K [0x00000000eaa80000, 0x0000000100000000, 0x0000000100000000)
  eden space 299008K, 0% used [0x00000000eaa80000,0x00000000eaa80000,0x00000000fce80000)
  from space 23040K, 44% used [0x00000000fe380000,0x00000000fed73e18,0x00000000ffa00000)
  to   space 21504K, 0% used [0x00000000fce80000,0x00000000fce80000,0x00000000fe380000)
 ParOldGen       total 72704K, used 45385K [0x00000000c0000000, 0x00000000c4700000, 0x00000000eaa80000)
  object space 72704K, 62% used [0x00000000c0000000,0x00000000c2c52668,0x00000000c4700000)
 PSPermGen       total 71680K, used 53853K [0x00000000b0000000, 0x00000000b4600000, 0x00000000c0000000)
  object space 71680K, 75% used [0x00000000b0000000,0x00000000b3497518,0x00000000b4600000)
}

